Reading GGUF metadata...

=== L0 gate expert 0 HIGH-RESOLUTION ===

  raw blob shape: (2048, 2048) dtype: uint8
  raw scale shape: (2048, 128) dtype: uint8
FP4 source: shape=(2048, 4096) std=2.4548e-02 range=[-1.8750e-01, 1.2500e-01]
IQ2 source: same shape, std=2.5399e-02

--- IQ2_XXS (full 2048 rows) ---
  === IQ2_XXS (full) ===
    overall rel_L2: 0.3544, max_abs: 7.1535e-02, mean_abs: 6.8629e-03
    magnitude strata (low→high), rel_L2 per decile:
      [ 0] mean_src=0.0000e+00  rel_L2=9591318848145023058712647958528.0000  max_abs_err=5.8065e-02
      [ 1] mean_src=5.6487e-03  rel_L2=1.2012  max_abs_err=6.2968e-02
      [ 2] mean_src=7.8125e-03  rel_L2=0.8987  max_abs_err=5.3244e-02
      [ 3] mean_src=1.0381e-02  rel_L2=0.6555  max_abs_err=5.4653e-02
      [ 4] mean_src=1.5625e-02  rel_L2=0.5093  max_abs_err=6.6669e-02
      [ 5] mean_src=1.7561e-02  rel_L2=0.4745  max_abs_err=7.1535e-02
      [ 6] mean_src=2.3438e-02  rel_L2=0.4222  max_abs_err=4.9085e-02
      [ 7] mean_src=2.8484e-02  rel_L2=0.3340  max_abs_err=5.9406e-02
      [ 8] mean_src=3.3172e-02  rel_L2=0.2787  max_abs_err=6.1631e-02
      [ 9] mean_src=5.1601e-02  rel_L2=0.1659  max_abs_err=5.9743e-02
    sign-flip rate: 0.0268 (2.68% of weights have opposite sign)
    signed-err: mean=3.9372e-04  std=8.6914e-03  skew=-0.0525  frac_exactly_zero=0.0000
    per-row rel_L2: mean=0.3544  std=0.0036  cv=0.0100  p95=0.3602  p99=0.3628  max=0.3663
    worst rows: [1226, 754, 631, 1358, 1418] with rel_L2 ['0.3663', '0.3652', '0.3650', '0.3648', '0.3646']
    pair-decomp: mag_rel_l2=0.2445  angle_rms_rad=0.4486  angle_p95=0.7854

--- IQ2_XXS (first 128 rows for parity) ---
  === IQ2_XXS (first 128) ===
    overall rel_L2: 0.3543, max_abs: 5.2430e-02, mean_abs: 6.8291e-03
    magnitude strata (low→high), rel_L2 per decile:
      [ 0] mean_src=0.0000e+00  rel_L2=2391093275137908147259405500416.0000  max_abs_err=5.2430e-02
      [ 1] mean_src=5.6232e-03  rel_L2=1.1853  max_abs_err=4.4756e-02
      [ 2] mean_src=7.8125e-03  rel_L2=0.8926  max_abs_err=4.9976e-02
      [ 3] mean_src=1.0268e-02  rel_L2=0.6600  max_abs_err=4.6337e-02
      [ 4] mean_src=1.5625e-02  rel_L2=0.5074  max_abs_err=3.9299e-02
      [ 5] mean_src=1.7404e-02  rel_L2=0.4737  max_abs_err=5.0339e-02
      [ 6] mean_src=2.3438e-02  rel_L2=0.4242  max_abs_err=4.1605e-02
      [ 7] mean_src=2.8258e-02  rel_L2=0.3344  max_abs_err=5.0984e-02
      [ 8] mean_src=3.2895e-02  rel_L2=0.2794  max_abs_err=4.7833e-02
      [ 9] mean_src=5.1442e-02  rel_L2=0.1655  max_abs_err=3.8006e-02
    sign-flip rate: 0.0267 (2.67% of weights have opposite sign)
    signed-err: mean=3.9345e-04  std=8.6442e-03  skew=-0.0570  frac_exactly_zero=0.0000
    per-row rel_L2: mean=0.3544  std=0.0033  cv=0.0092  p95=0.3604  p99=0.3618  max=0.3621
    worst rows: [74, 53, 113, 29, 3] with rel_L2 ['0.3621', '0.3619', '0.3615', '0.3614', '0.3613']
    pair-decomp: mag_rel_l2=0.2445  angle_rms_rad=0.4471  angle_p95=0.7854

--- polar p32_m8 (first 128 rows) ---
  === polar p32_m8 ===
    overall rel_L2: 0.1218, max_abs: 6.8463e-02, mean_abs: 1.8148e-03
    magnitude strata (low→high), rel_L2 per decile:
      [ 0] mean_src=0.0000e+00  rel_L2=454809151460718656758652862464.0000  max_abs_err=1.0174e-02
      [ 1] mean_src=5.6232e-03  rel_L2=0.2917  max_abs_err=1.0174e-02
      [ 2] mean_src=7.8125e-03  rel_L2=0.2250  max_abs_err=7.8125e-03
      [ 3] mean_src=1.0268e-02  rel_L2=0.1719  max_abs_err=7.8125e-03
      [ 4] mean_src=1.5625e-02  rel_L2=0.1176  max_abs_err=7.1881e-03
      [ 5] mean_src=1.7404e-02  rel_L2=0.1062  max_abs_err=1.2532e-02
      [ 6] mean_src=2.3438e-02  rel_L2=0.0981  max_abs_err=1.2238e-02
      [ 7] mean_src=2.8258e-02  rel_L2=0.0812  max_abs_err=1.2265e-02
      [ 8] mean_src=3.2895e-02  rel_L2=0.0810  max_abs_err=2.4095e-02
      [ 9] mean_src=5.1442e-02  rel_L2=0.1352  max_abs_err=6.8463e-02
    sign-flip rate: 0.0012 (0.12% of weights have opposite sign)
    signed-err: mean=5.6755e-05  std=2.9739e-03  skew=0.2421  frac_exactly_zero=0.0327
    per-row rel_L2: mean=0.1217  std=0.0078  cv=0.0640  p95=0.1344  p99=0.1385  max=0.1398
    worst rows: [107, 25, 37, 66, 50] with rel_L2 ['0.1398', '0.1386', '0.1380', '0.1365', '0.1360']
    pair-decomp: mag_rel_l2=0.1120  angle_rms_rad=0.0459  angle_p95=0.0709

--- VQ K=256 (first 128 rows) ---
  === VQ K=256 ===
    overall rel_L2: 0.0212, max_abs: 3.1250e-02, mean_abs: 1.1065e-04
    magnitude strata (low→high), rel_L2 per decile:
      [ 0] mean_src=0.0000e+00  rel_L2=51628631615519462756553064448.0000  max_abs_err=2.3438e-02
      [ 1] mean_src=5.6232e-03  rel_L2=0.1725  max_abs_err=4.8205e-03
      [ 2] mean_src=7.8125e-03  rel_L2=0.0307  max_abs_err=4.8205e-03
      [ 3] mean_src=1.0268e-02  rel_L2=0.0930  max_abs_err=1.1875e-02
      [ 4] mean_src=1.5625e-02  rel_L2=0.0130  max_abs_err=5.4348e-03
      [ 5] mean_src=1.7404e-02  rel_L2=0.0115  max_abs_err=7.8125e-03
      [ 6] mean_src=2.3438e-02  rel_L2=0.0072  max_abs_err=5.1185e-03
      [ 7] mean_src=2.8258e-02  rel_L2=0.0050  max_abs_err=5.1185e-03
      [ 8] mean_src=3.2895e-02  rel_L2=0.0042  max_abs_err=5.8594e-03
      [ 9] mean_src=5.1442e-02  rel_L2=0.0091  max_abs_err=3.1250e-02
    sign-flip rate: 0.0002 (0.02% of weights have opposite sign)
    signed-err: mean=-9.8120e-07  std=5.1847e-04  skew=-1.0462  frac_exactly_zero=0.7884
    per-row rel_L2: mean=0.0211  std=0.0038  cv=0.1812  p95=0.0288  p99=0.0312  max=0.0314
    worst rows: [99, 67, 77, 76, 96] with rel_L2 ['0.0314', '0.0313', '0.0307', '0.0305', '0.0298']
    pair-decomp: mag_rel_l2=0.0107  angle_rms_rad=0.0301  angle_p95=0.0136

=== CROSS-CODEC SUMMARY ===
  codec                    rel_L2  mag_rL2  ang_rms  sign-flip  p95_row  p99_row
  ----------------------  -------  -------  -------  ---------  -------  -------
  IQ2_XXS (full)           0.3544   0.2445   0.4486     0.0268   0.3602   0.3628
  IQ2_XXS (first 128)      0.3543   0.2445   0.4471     0.0267   0.3604   0.3618
  polar p32_m8             0.1218   0.1120   0.0459     0.0012   0.1344   0.1385
  VQ K=256                 0.0212   0.0107   0.0301     0.0002   0.0288   0.0312

Saved err_dist_20260525T040935Z.json
