=== FULL DS4 layer-DUP (same-parity) sweep ===

=== BASELINE  DUP= ===
ds4: Metal model views created in 0.015 ms, residency requested in 0.300 ms, warmup 1.405 ms (mapped 8.89 MiB from offset 5.08 MiB)
ds4: Metal model views created in 0.414 ms, residency requested in 183.673 ms, warmup 2.059 ms (mapped 8384.80 MiB from offset 74317.95 MiB)
ds4: Metal residency requested in 0.024 ms, warmup 0.375 ms
ds4: Metal mapped mmaped model as 2 overlapping shared buffers
ds4: --cpu-moe: registered 2 non-routed Metal segments, excluded 1 routed-expert ranges (72.56 GiB) from the Metal residency set
ds4: metal backend initialized for graph diagnostics
ds4: context buffers 579.64 MiB (ctx=32768, backend=metal, prefill_chunk=2048, raw_kv_rows=2304, compressed_kv_rows=8194)
processing 15 input tokens: 0/15 (0.0%)
ds4: Metal model views created in 1.852 ms, residency requested in 14619.543 ms, warmup 2.725 ms (mapped 36296.89 MiB from offset 5.08 MiB)
ds4: Metal model views created in 0.487 ms, residency requested in 268.432 ms, warmup 0.612 ms (mapped 8384.80 MiB from offset 74317.95 MiB)
ds4: Metal residency requested in 0.025 ms, warmup -0.000 ms
ds4: Metal mapped mmaped model as 2 overlapping shared buffers
ds4: --cpu-moe: registered 2 non-routed Metal segments, excluded 1 routed-expert ranges (37.12 GiB) from the Metal residency set
ds4: --prefill-metal-phases: activated phase 0/2 (layers 0..20)
processing 15 input tokens: 15/15 (100.0%)
ds4: Metal model views created in 0.038 ms, residency requested in 378.469 ms, warmup 0.383 ms (mapped 8.89 MiB from offset 5.08 MiB)
ds4: Metal model views created in 10.775 ms, residency requested in 20516.642 ms, warmup 25.931 ms (mapped 46400.80 MiB from offset 36301.95 MiB)
ds4: Metal residency requested in 0.051 ms, warmup 0.000 ms
ds4: Metal mapped mmaped model as 3 overlapping shared buffers
ds4: --cpu-moe: registered 2 non-routed Metal segments, excluded 1 routed-expert ranges (35.44 GiB) from the Metal residency set
ds4: --prefill-metal-phases: activated phase 1/2 (layers 21..42)
processing 15 input tokens: 15/15 (100.0%)
ds4: Metal model views created in 0.034 ms, residency requested in 401.389 ms, warmup 0.497 ms (mapped 8.89 MiB from offset 5.08 MiB)
ds4: Metal model views created in 69.799 ms, residency requested in 559.237 ms, warmup 1.848 ms (mapped 8384.80 MiB from offset 74317.95 MiB)
ds4: Metal residency requested in 0.023 ms, warmup -0.000 ms
ds4: Metal mapped mmaped model as 2 overlapping shared buffers
ds4: --cpu-moe: registered 2 non-routed Metal segments, excluded 1 routed-expert ranges (72.56 GiB) from the Metal residency set
ds4: --prefill-metal-phases: restored gen routing (all routed on CPU)
We need to answer: "The capital of France is" which is a straightforward question. The capital of France is Paris
ds4: prefill: 0.40 t/s, generation: 1.51 t/s

=== amp-even: L34<-L36  DUP=34=36 ===
ds4: Metal model views created in 0.360 ms, residency requested in 187.720 ms, warmup 0.793 ms (mapped 8384.80 MiB from offset 74317.95 MiB)
ds4: Metal residency requested in 0.028 ms, warmup 0.283 ms
ds4: Metal mapped mmaped model as 2 overlapping shared buffers
ds4: --cpu-moe: registered 2 non-routed Metal segments, excluded 1 routed-expert ranges (72.56 GiB) from the Metal residency set
ds4: metal backend initialized for graph diagnostics
ds4: context buffers 579.64 MiB (ctx=32768, backend=metal, prefill_chunk=2048, raw_kv_rows=2304, compressed_kv_rows=8194)
processing 15 input tokens: 0/15 (0.0%)
ds4: Metal model views created in 1.489 ms, residency requested in 14125.521 ms, warmup 3.825 ms (mapped 36296.89 MiB from offset 5.08 MiB)
ds4: Metal model views created in 0.724 ms, residency requested in 287.455 ms, warmup 2.366 ms (mapped 8384.80 MiB from offset 74317.95 MiB)
ds4: Metal residency requested in 0.028 ms, warmup 0.000 ms
ds4: Metal mapped mmaped model as 2 overlapping shared buffers
ds4: --cpu-moe: registered 2 non-routed Metal segments, excluded 1 routed-expert ranges (37.12 GiB) from the Metal residency set
ds4: --prefill-metal-phases: activated phase 0/2 (layers 0..20)
processing 15 input tokens: 15/15 (100.0%)
ds4: Metal model views created in 0.031 ms, residency requested in 396.180 ms, warmup 0.435 ms (mapped 8.89 MiB from offset 5.08 MiB)
ds4: Metal model views created in 6.014 ms, residency requested in 19353.806 ms, warmup 34.152 ms (mapped 46400.80 MiB from offset 36301.95 MiB)
ds4: Metal residency requested in 0.170 ms, warmup 0.001 ms
ds4: Metal mapped mmaped model as 3 overlapping shared buffers
ds4: --cpu-moe: registered 2 non-routed Metal segments, excluded 1 routed-expert ranges (35.44 GiB) from the Metal residency set
ds4: --prefill-metal-phases: activated phase 1/2 (layers 21..42)
processing 15 input tokens: 15/15 (100.0%)
ds4: Metal model views created in 0.050 ms, residency requested in 415.859 ms, warmup 0.418 ms (mapped 8.89 MiB from offset 5.08 MiB)
ds4: Metal model views created in 29.770 ms, residency requested in 568.261 ms, warmup 0.447 ms (mapped 8384.80 MiB from offset 74317.95 MiB)
ds4: Metal residency requested in 0.028 ms, warmup 0.001 ms
ds4: Metal mapped mmaped model as 2 overlapping shared buffers
ds4: --cpu-moe: registered 2 non-routed Metal segments, excluded 1 routed-expert ranges (72.56 GiB) from the Metal residency set
ds4: --prefill-metal-phases: restored gen routing (all routed on CPU)
ds4: DS4_LAYER_DUP active: L34<-L36
We need to answer: "The capital of France is". This is a straightforward question. The capital of France is Paris
ds4: prefill: 0.41 t/s, generation: 1.58 t/s

=== amp-even: L34<-L36, L36<-L38  DUP=34=36,36=38 ===
ds4: Metal model views created in 0.409 ms, residency requested in 189.781 ms, warmup 0.898 ms (mapped 8384.80 MiB from offset 74317.95 MiB)
ds4: Metal residency requested in 0.028 ms, warmup 0.289 ms
ds4: Metal mapped mmaped model as 2 overlapping shared buffers
ds4: --cpu-moe: registered 2 non-routed Metal segments, excluded 1 routed-expert ranges (72.56 GiB) from the Metal residency set
ds4: metal backend initialized for graph diagnostics
ds4: context buffers 579.64 MiB (ctx=32768, backend=metal, prefill_chunk=2048, raw_kv_rows=2304, compressed_kv_rows=8194)
processing 15 input tokens: 0/15 (0.0%)
ds4: Metal model views created in 1.601 ms, residency requested in 14396.465 ms, warmup 2.975 ms (mapped 36296.89 MiB from offset 5.08 MiB)
ds4: Metal model views created in 0.584 ms, residency requested in 1998.537 ms, warmup 3.174 ms (mapped 8384.80 MiB from offset 74317.95 MiB)
ds4: Metal residency requested in 0.038 ms, warmup 0.000 ms
ds4: Metal mapped mmaped model as 2 overlapping shared buffers
ds4: --cpu-moe: registered 2 non-routed Metal segments, excluded 1 routed-expert ranges (37.12 GiB) from the Metal residency set
ds4: --prefill-metal-phases: activated phase 0/2 (layers 0..20)
processing 15 input tokens: 15/15 (100.0%)
ds4: Metal model views created in 0.033 ms, residency requested in 387.154 ms, warmup 0.358 ms (mapped 8.89 MiB from offset 5.08 MiB)
ds4: Metal model views created in 6.301 ms, residency requested in 21273.277 ms, warmup 25.344 ms (mapped 46400.80 MiB from offset 36301.95 MiB)
ds4: Metal residency requested in 0.060 ms, warmup 0.001 ms
ds4: Metal mapped mmaped model as 3 overlapping shared buffers
ds4: --cpu-moe: registered 2 non-routed Metal segments, excluded 1 routed-expert ranges (35.44 GiB) from the Metal residency set
ds4: --prefill-metal-phases: activated phase 1/2 (layers 21..42)
processing 15 input tokens: 15/15 (100.0%)
ds4: Metal model views created in 0.054 ms, residency requested in 413.986 ms, warmup 0.586 ms (mapped 8.89 MiB from offset 5.08 MiB)
ds4: Metal model views created in 60.499 ms, residency requested in 606.172 ms, warmup 0.791 ms (mapped 8384.80 MiB from offset 74317.95 MiB)
ds4: Metal residency requested in 0.031 ms, warmup 0.001 ms
ds4: Metal mapped mmaped model as 2 overlapping shared buffers
ds4: --cpu-moe: registered 2 non-routed Metal segments, excluded 1 routed-expert ranges (72.56 GiB) from the Metal residency set
ds4: --prefill-metal-phases: restored gen routing (all routed on CPU)
ds4: DS4_LAYER_DUP active: L34<-L36 L36<-L38
We need to answer: "The capital of France is ..." The correct answer is Paris. The user likely expects a
ds4: prefill: 0.37 t/s, generation: 1.57 t/s

=== amp-odd:  L33<-L35  DUP=33=35 ===
ds4: Metal model views created in 0.424 ms, residency requested in 189.049 ms, warmup 0.831 ms (mapped 8384.80 MiB from offset 74317.95 MiB)
ds4: Metal residency requested in 0.025 ms, warmup 0.268 ms
ds4: Metal mapped mmaped model as 2 overlapping shared buffers
ds4: --cpu-moe: registered 2 non-routed Metal segments, excluded 1 routed-expert ranges (72.56 GiB) from the Metal residency set
ds4: metal backend initialized for graph diagnostics
ds4: context buffers 579.64 MiB (ctx=32768, backend=metal, prefill_chunk=2048, raw_kv_rows=2304, compressed_kv_rows=8194)
processing 15 input tokens: 0/15 (0.0%)
ds4: Metal model views created in 1.623 ms, residency requested in 14364.628 ms, warmup 2.922 ms (mapped 36296.89 MiB from offset 5.08 MiB)
ds4: Metal model views created in 0.522 ms, residency requested in 260.218 ms, warmup 0.607 ms (mapped 8384.80 MiB from offset 74317.95 MiB)
ds4: Metal residency requested in 0.024 ms, warmup 0.001 ms
ds4: Metal mapped mmaped model as 2 overlapping shared buffers
ds4: --cpu-moe: registered 2 non-routed Metal segments, excluded 1 routed-expert ranges (37.12 GiB) from the Metal residency set
ds4: --prefill-metal-phases: activated phase 0/2 (layers 0..20)
processing 15 input tokens: 15/15 (100.0%)
ds4: Metal model views created in 0.018 ms, residency requested in 392.090 ms, warmup 1.031 ms (mapped 8.89 MiB from offset 5.08 MiB)
ds4: Metal model views created in 63.926 ms, residency requested in 20297.253 ms, warmup 24.261 ms (mapped 46400.80 MiB from offset 36301.95 MiB)
ds4: Metal residency requested in 0.060 ms, warmup 0.000 ms
ds4: Metal mapped mmaped model as 3 overlapping shared buffers
ds4: --cpu-moe: registered 2 non-routed Metal segments, excluded 1 routed-expert ranges (35.44 GiB) from the Metal residency set
ds4: --prefill-metal-phases: activated phase 1/2 (layers 21..42)
processing 15 input tokens: 15/15 (100.0%)
ds4: Metal model views created in 0.034 ms, residency requested in 412.580 ms, warmup 0.386 ms (mapped 8.89 MiB from offset 5.08 MiB)
ds4: Metal model views created in 13.846 ms, residency requested in 657.966 ms, warmup 1.172 ms (mapped 8384.80 MiB from offset 74317.95 MiB)
ds4: Metal residency requested in 0.025 ms, warmup 0.001 ms
ds4: Metal mapped mmaped model as 2 overlapping shared buffers
ds4: --cpu-moe: registered 2 non-routed Metal segments, excluded 1 routed-expert ranges (72.56 GiB) from the Metal residency set
ds4: --prefill-metal-phases: restored gen routing (all routed on CPU)
ds4: DS4_LAYER_DUP active: L33<-L35
We need to answer: "The capital of France is" which is a straightforward question. The user likely expects the answer
ds4: prefill: 0.40 t/s, generation: 1.54 t/s

=== amp-odd:  L33<-L35, L35<-L37  DUP=33=35,35=37 ===
ds4: Metal model views created in 0.403 ms, residency requested in 203.468 ms, warmup 1.084 ms (mapped 8384.80 MiB from offset 74317.95 MiB)
ds4: Metal residency requested in 0.033 ms, warmup 0.292 ms
ds4: Metal mapped mmaped model as 2 overlapping shared buffers
ds4: --cpu-moe: registered 2 non-routed Metal segments, excluded 1 routed-expert ranges (72.56 GiB) from the Metal residency set
ds4: metal backend initialized for graph diagnostics
ds4: context buffers 579.64 MiB (ctx=32768, backend=metal, prefill_chunk=2048, raw_kv_rows=2304, compressed_kv_rows=8194)
processing 15 input tokens: 0/15 (0.0%)
ds4: Metal model views created in 2.667 ms, residency requested in 15013.088 ms, warmup 2.690 ms (mapped 36296.89 MiB from offset 5.08 MiB)
ds4: Metal model views created in 0.565 ms, residency requested in 333.324 ms, warmup 0.707 ms (mapped 8384.80 MiB from offset 74317.95 MiB)
ds4: Metal residency requested in 0.032 ms, warmup -0.000 ms
ds4: Metal mapped mmaped model as 2 overlapping shared buffers
ds4: --cpu-moe: registered 2 non-routed Metal segments, excluded 1 routed-expert ranges (37.12 GiB) from the Metal residency set
ds4: --prefill-metal-phases: activated phase 0/2 (layers 0..20)
processing 15 input tokens: 15/15 (100.0%)
ds4: Metal model views created in 0.028 ms, residency requested in 410.431 ms, warmup 1.845 ms (mapped 8.89 MiB from offset 5.08 MiB)
ds4: Metal model views created in 9.217 ms, residency requested in 21457.644 ms, warmup 57.656 ms (mapped 46400.80 MiB from offset 36301.95 MiB)
ds4: Metal residency requested in 0.109 ms, warmup 0.000 ms
ds4: Metal mapped mmaped model as 3 overlapping shared buffers
ds4: --cpu-moe: registered 2 non-routed Metal segments, excluded 1 routed-expert ranges (35.44 GiB) from the Metal residency set
ds4: --prefill-metal-phases: activated phase 1/2 (layers 21..42)
processing 15 input tokens: 15/15 (100.0%)
ds4: Metal model views created in 0.046 ms, residency requested in 448.249 ms, warmup 0.328 ms (mapped 8.89 MiB from offset 5.08 MiB)
ds4: Metal model views created in 65.465 ms, residency requested in 645.424 ms, warmup 0.717 ms (mapped 8384.80 MiB from offset 74317.95 MiB)
ds4: Metal residency requested in 0.027 ms, warmup 0.000 ms
ds4: Metal mapped mmaped model as 2 overlapping shared buffers
ds4: --cpu-moe: registered 2 non-routed Metal segments, excluded 1 routed-expert ranges (72.56 GiB) from the Metal residency set
ds4: --prefill-metal-phases: restored gen routing (all routed on CPU)
ds4: DS4_LAYER_DUP active: L33<-L35 L35<-L37
We need to respond with the correct information: The capital of France is Paris. The user message is incomplete, but it
ds4: prefill: 0.37 t/s, generation: 1.52 t/s

=== commit-even: L36<-L38 (post-commit)  DUP=36=38 ===
ds4: Metal model views created in 0.356 ms, residency requested in 194.042 ms, warmup 0.937 ms (mapped 8384.80 MiB from offset 74317.95 MiB)
ds4: Metal residency requested in 0.032 ms, warmup 0.315 ms
ds4: Metal mapped mmaped model as 2 overlapping shared buffers
ds4: --cpu-moe: registered 2 non-routed Metal segments, excluded 1 routed-expert ranges (72.56 GiB) from the Metal residency set
ds4: metal backend initialized for graph diagnostics
ds4: context buffers 579.64 MiB (ctx=32768, backend=metal, prefill_chunk=2048, raw_kv_rows=2304, compressed_kv_rows=8194)
processing 15 input tokens: 0/15 (0.0%)
ds4: Metal model views created in 1.837 ms, residency requested in 14474.948 ms, warmup 2.627 ms (mapped 36296.89 MiB from offset 5.08 MiB)
ds4: Metal model views created in 0.529 ms, residency requested in 280.558 ms, warmup 0.577 ms (mapped 8384.80 MiB from offset 74317.95 MiB)
ds4: Metal residency requested in 0.027 ms, warmup 0.001 ms
ds4: Metal mapped mmaped model as 2 overlapping shared buffers
ds4: --cpu-moe: registered 2 non-routed Metal segments, excluded 1 routed-expert ranges (37.12 GiB) from the Metal residency set
ds4: --prefill-metal-phases: activated phase 0/2 (layers 0..20)
processing 15 input tokens: 15/15 (100.0%)
ds4: Metal model views created in 0.034 ms, residency requested in 386.086 ms, warmup 0.436 ms (mapped 8.89 MiB from offset 5.08 MiB)
ds4: Metal model views created in 5.189 ms, residency requested in 18083.651 ms, warmup 27.372 ms (mapped 46400.80 MiB from offset 36301.95 MiB)
ds4: Metal residency requested in 0.067 ms, warmup 0.001 ms
ds4: Metal mapped mmaped model as 3 overlapping shared buffers
ds4: --cpu-moe: registered 2 non-routed Metal segments, excluded 1 routed-expert ranges (35.44 GiB) from the Metal residency set
ds4: --prefill-metal-phases: activated phase 1/2 (layers 21..42)
processing 15 input tokens: 15/15 (100.0%)
ds4: Metal model views created in 0.034 ms, residency requested in 418.052 ms, warmup 0.453 ms (mapped 8.89 MiB from offset 5.08 MiB)
ds4: Metal model views created in 48.321 ms, residency requested in 625.490 ms, warmup 0.346 ms (mapped 8384.80 MiB from offset 74317.95 MiB)
ds4: Metal residency requested in 0.052 ms, warmup 0.001 ms
ds4: Metal mapped mmaped model as 2 overlapping shared buffers
ds4: --cpu-moe: registered 2 non-routed Metal segments, excluded 1 routed-expert ranges (72.56 GiB) from the Metal residency set
ds4: --prefill-metal-phases: restored gen routing (all routed on CPU)
ds4: DS4_LAYER_DUP active: L36<-L38
We need to respond to the user's statement: "The capital of France is". The user seems to be asking for
ds4: prefill: 0.43 t/s, generation: 1.45 t/s

=== commit-odd:  L37<-L39  DUP=37=39 ===
ds4: Metal model views created in 0.363 ms, residency requested in 194.770 ms, warmup 1.005 ms (mapped 8384.80 MiB from offset 74317.95 MiB)
ds4: Metal residency requested in 0.029 ms, warmup 0.313 ms
ds4: Metal mapped mmaped model as 2 overlapping shared buffers
ds4: --cpu-moe: registered 2 non-routed Metal segments, excluded 1 routed-expert ranges (72.56 GiB) from the Metal residency set
ds4: metal backend initialized for graph diagnostics
ds4: context buffers 579.64 MiB (ctx=32768, backend=metal, prefill_chunk=2048, raw_kv_rows=2304, compressed_kv_rows=8194)
processing 15 input tokens: 0/15 (0.0%)
ds4: Metal model views created in 1.746 ms, residency requested in 14546.229 ms, warmup 2.772 ms (mapped 36296.89 MiB from offset 5.08 MiB)
ds4: Metal model views created in 0.495 ms, residency requested in 1538.211 ms, warmup 1.943 ms (mapped 8384.80 MiB from offset 74317.95 MiB)
ds4: Metal residency requested in 0.030 ms, warmup -0.000 ms
ds4: Metal mapped mmaped model as 2 overlapping shared buffers
ds4: --cpu-moe: registered 2 non-routed Metal segments, excluded 1 routed-expert ranges (37.12 GiB) from the Metal residency set
ds4: --prefill-metal-phases: activated phase 0/2 (layers 0..20)
processing 15 input tokens: 15/15 (100.0%)
ds4: Metal model views created in 0.042 ms, residency requested in 401.754 ms, warmup 0.711 ms (mapped 8.89 MiB from offset 5.08 MiB)
ds4: Metal model views created in 31.461 ms, residency requested in 18029.574 ms, warmup 26.337 ms (mapped 46400.80 MiB from offset 36301.95 MiB)
ds4: Metal residency requested in 0.055 ms, warmup -0.000 ms
ds4: Metal mapped mmaped model as 3 overlapping shared buffers
ds4: --cpu-moe: registered 2 non-routed Metal segments, excluded 1 routed-expert ranges (35.44 GiB) from the Metal residency set
ds4: --prefill-metal-phases: activated phase 1/2 (layers 21..42)
processing 15 input tokens: 15/15 (100.0%)
ds4: Metal model views created in 0.037 ms, residency requested in 424.110 ms, warmup 0.712 ms (mapped 8.89 MiB from offset 5.08 MiB)
ds4: Metal model views created in 43.818 ms, residency requested in 638.216 ms, warmup 0.405 ms (mapped 8384.80 MiB from offset 74317.95 MiB)
ds4: Metal residency requested in 0.023 ms, warmup 0.000 ms
ds4: Metal mapped mmaped model as 2 overlapping shared buffers
ds4: --cpu-moe: registered 2 non-routed Metal segments, excluded 1 routed-expert ranges (72.56 GiB) from the Metal residency set
ds4: --prefill-metal-phases: restored gen routing (all routed on CPU)
ds4: DS4_LAYER_DUP active: L37<-L39
We are asked: "The capital of France is". This is a simple knowledge question. The capital of France is Paris
ds4: prefill: 0.41 t/s, generation: 1.51 t/s

=== cross-even: L4<-L34 (early<-late)  DUP=4=34 ===
ds4: Metal model views created in 0.361 ms, residency requested in 198.323 ms, warmup 0.853 ms (mapped 8384.80 MiB from offset 74317.95 MiB)
ds4: Metal residency requested in 0.030 ms, warmup 0.259 ms
ds4: Metal mapped mmaped model as 2 overlapping shared buffers
ds4: --cpu-moe: registered 2 non-routed Metal segments, excluded 1 routed-expert ranges (72.56 GiB) from the Metal residency set
ds4: metal backend initialized for graph diagnostics
ds4: context buffers 579.64 MiB (ctx=32768, backend=metal, prefill_chunk=2048, raw_kv_rows=2304, compressed_kv_rows=8194)
processing 15 input tokens: 0/15 (0.0%)
ds4: Metal model views created in 1.579 ms, residency requested in 14184.032 ms, warmup 2.969 ms (mapped 36296.89 MiB from offset 5.08 MiB)
ds4: Metal model views created in 0.511 ms, residency requested in 287.308 ms, warmup 0.840 ms (mapped 8384.80 MiB from offset 74317.95 MiB)
ds4: Metal residency requested in 0.024 ms, warmup -0.000 ms
ds4: Metal mapped mmaped model as 2 overlapping shared buffers
ds4: --cpu-moe: registered 2 non-routed Metal segments, excluded 1 routed-expert ranges (37.12 GiB) from the Metal residency set
ds4: --prefill-metal-phases: activated phase 0/2 (layers 0..20)
processing 15 input tokens: 15/15 (100.0%)
ds4: Metal model views created in 0.021 ms, residency requested in 394.265 ms, warmup 0.527 ms (mapped 8.89 MiB from offset 5.08 MiB)
ds4: Metal model views created in 4.052 ms, residency requested in 19104.794 ms, warmup 33.240 ms (mapped 46400.80 MiB from offset 36301.95 MiB)
ds4: Metal residency requested in 0.050 ms, warmup -0.000 ms
ds4: Metal mapped mmaped model as 3 overlapping shared buffers
ds4: --cpu-moe: registered 2 non-routed Metal segments, excluded 1 routed-expert ranges (35.44 GiB) from the Metal residency set
ds4: --prefill-metal-phases: activated phase 1/2 (layers 21..42)
processing 15 input tokens: 15/15 (100.0%)
ds4: Metal model views created in 0.027 ms, residency requested in 414.679 ms, warmup 0.673 ms (mapped 8.89 MiB from offset 5.08 MiB)
ds4: Metal model views created in 73.151 ms, residency requested in 624.343 ms, warmup 0.709 ms (mapped 8384.80 MiB from offset 74317.95 MiB)
ds4: Metal residency requested in 0.025 ms, warmup 0.001 ms
ds4: Metal mapped mmaped model as 2 overlapping shared buffers
ds4: --cpu-moe: registered 2 non-routed Metal segments, excluded 1 routed-expert ranges (72.56 GiB) from the Metal residency set
ds4: --prefill-metal-phases: restored gen routing (all routed on CPU)
ds4: DS4_LAYER_DUP active: L4<-L34
WeWeWeThe The The
ds4: prefill: 0.41 t/s, generation: 1.28 t/s

=== cross-even: L34<-L4 (late<-early)  DUP=34=4 ===
ds4: Metal model views created in 0.450 ms, residency requested in 188.165 ms, warmup 0.842 ms (mapped 8384.80 MiB from offset 74317.95 MiB)
ds4: Metal residency requested in 0.024 ms, warmup 0.316 ms
ds4: Metal mapped mmaped model as 2 overlapping shared buffers
ds4: --cpu-moe: registered 2 non-routed Metal segments, excluded 1 routed-expert ranges (72.56 GiB) from the Metal residency set
ds4: metal backend initialized for graph diagnostics
ds4: context buffers 579.64 MiB (ctx=32768, backend=metal, prefill_chunk=2048, raw_kv_rows=2304, compressed_kv_rows=8194)
processing 15 input tokens: 0/15 (0.0%)
ds4: Metal model views created in 1.551 ms, residency requested in 15167.363 ms, warmup 4.752 ms (mapped 36296.89 MiB from offset 5.08 MiB)
ds4: Metal model views created in 0.547 ms, residency requested in 781.116 ms, warmup 0.879 ms (mapped 8384.80 MiB from offset 74317.95 MiB)
ds4: Metal residency requested in 0.022 ms, warmup 0.001 ms
ds4: Metal mapped mmaped model as 2 overlapping shared buffers
ds4: --cpu-moe: registered 2 non-routed Metal segments, excluded 1 routed-expert ranges (37.12 GiB) from the Metal residency set
ds4: --prefill-metal-phases: activated phase 0/2 (layers 0..20)
processing 15 input tokens: 15/15 (100.0%)
ds4: Metal model views created in 0.050 ms, residency requested in 392.867 ms, warmup 0.834 ms (mapped 8.89 MiB from offset 5.08 MiB)
ds4: Metal model views created in 4.443 ms, residency requested in 20463.812 ms, warmup 37.799 ms (mapped 46400.80 MiB from offset 36301.95 MiB)
ds4: Metal residency requested in 0.046 ms, warmup 0.001 ms
ds4: Metal mapped mmaped model as 3 overlapping shared buffers
ds4: --cpu-moe: registered 2 non-routed Metal segments, excluded 1 routed-expert ranges (35.44 GiB) from the Metal residency set
ds4: --prefill-metal-phases: activated phase 1/2 (layers 21..42)
processing 15 input tokens: 15/15 (100.0%)
ds4: Metal model views created in 0.042 ms, residency requested in 409.792 ms, warmup 0.689 ms (mapped 8.89 MiB from offset 5.08 MiB)
ds4: Metal model views created in 30.609 ms, residency requested in 582.295 ms, warmup 0.657 ms (mapped 8384.80 MiB from offset 74317.95 MiB)
ds4: Metal residency requested in 0.028 ms, warmup -0.000 ms
ds4: Metal mapped mmaped model as 2 overlapping shared buffers
ds4: --cpu-moe: registered 2 non-routed Metal segments, excluded 1 routed-expert ranges (72.56 GiB) from the Metal residency set
ds4: --prefill-metal-phases: restored gen routing (all routed on CPU)
ds4: DS4_LAYER_DUP active: L34<-L4
We need to provide the capital of France. The user said "The capital of France is" and then presumably expects completion
ds4: prefill: 0.39 t/s, generation: 1.47 t/s

=== cross-odd:  L5<-L33  DUP=5=33 ===
ds4: Metal model views created in 0.451 ms, residency requested in 203.399 ms, warmup 0.861 ms (mapped 8384.80 MiB from offset 74317.95 MiB)
ds4: Metal residency requested in 0.065 ms, warmup 1.332 ms
ds4: Metal mapped mmaped model as 2 overlapping shared buffers
ds4: --cpu-moe: registered 2 non-routed Metal segments, excluded 1 routed-expert ranges (72.56 GiB) from the Metal residency set
ds4: metal backend initialized for graph diagnostics
ds4: context buffers 579.64 MiB (ctx=32768, backend=metal, prefill_chunk=2048, raw_kv_rows=2304, compressed_kv_rows=8194)
processing 15 input tokens: 0/15 (0.0%)
ds4: Metal model views created in 1.892 ms, residency requested in 14523.301 ms, warmup 3.136 ms (mapped 36296.89 MiB from offset 5.08 MiB)
ds4: Metal model views created in 0.522 ms, residency requested in 285.702 ms, warmup 0.839 ms (mapped 8384.80 MiB from offset 74317.95 MiB)
ds4: Metal residency requested in 0.023 ms, warmup 0.001 ms
ds4: Metal mapped mmaped model as 2 overlapping shared buffers
ds4: --cpu-moe: registered 2 non-routed Metal segments, excluded 1 routed-expert ranges (37.12 GiB) from the Metal residency set
ds4: --prefill-metal-phases: activated phase 0/2 (layers 0..20)
processing 15 input tokens: 15/15 (100.0%)
ds4: Metal model views created in 0.048 ms, residency requested in 395.895 ms, warmup 2.341 ms (mapped 8.89 MiB from offset 5.08 MiB)
ds4: Metal model views created in 18.183 ms, residency requested in 18464.182 ms, warmup 26.978 ms (mapped 46400.80 MiB from offset 36301.95 MiB)
ds4: Metal residency requested in 0.066 ms, warmup -0.000 ms
ds4: Metal mapped mmaped model as 3 overlapping shared buffers
ds4: --cpu-moe: registered 2 non-routed Metal segments, excluded 1 routed-expert ranges (35.44 GiB) from the Metal residency set
ds4: --prefill-metal-phases: activated phase 1/2 (layers 21..42)
processing 15 input tokens: 15/15 (100.0%)
ds4: Metal model views created in 0.041 ms, residency requested in 419.746 ms, warmup 0.894 ms (mapped 8.89 MiB from offset 5.08 MiB)
ds4: Metal model views created in 52.938 ms, residency requested in 629.924 ms, warmup 0.480 ms (mapped 8384.80 MiB from offset 74317.95 MiB)
ds4: Metal residency requested in 0.030 ms, warmup -0.000 ms
ds4: Metal mapped mmaped model as 2 overlapping shared buffers
ds4: --cpu-moe: registered 2 non-routed Metal segments, excluded 1 routed-expert ranges (72.56 GiB) from the Metal residency set
ds4: --prefill-metal-phases: restored gen routing (all routed on CPU)
ds4: DS4_LAYER_DUP active: L5<-L33
WeWeThe city and of the fact,We              rime
ds4: prefill: 0.42 t/s, generation: 1.30 t/s

=== wide-amp-even: 34<-36, 38<-40, 42<-40  DUP=34=36,38=40 ===
ds4: Metal model views created in 0.448 ms, residency requested in 214.077 ms, warmup 1.015 ms (mapped 8384.80 MiB from offset 74317.95 MiB)
ds4: Metal residency requested in 0.030 ms, warmup 0.268 ms
ds4: Metal mapped mmaped model as 2 overlapping shared buffers
ds4: --cpu-moe: registered 2 non-routed Metal segments, excluded 1 routed-expert ranges (72.56 GiB) from the Metal residency set
ds4: metal backend initialized for graph diagnostics
ds4: context buffers 579.64 MiB (ctx=32768, backend=metal, prefill_chunk=2048, raw_kv_rows=2304, compressed_kv_rows=8194)
processing 15 input tokens: 0/15 (0.0%)
ds4: Metal model views created in 1.828 ms, residency requested in 15500.146 ms, warmup 2.659 ms (mapped 36296.89 MiB from offset 5.08 MiB)
ds4: Metal model views created in 0.484 ms, residency requested in 4872.275 ms, warmup 2.843 ms (mapped 8384.80 MiB from offset 74317.95 MiB)
ds4: Metal residency requested in 0.040 ms, warmup 0.001 ms
ds4: Metal mapped mmaped model as 2 overlapping shared buffers
ds4: --cpu-moe: registered 2 non-routed Metal segments, excluded 1 routed-expert ranges (37.12 GiB) from the Metal residency set
ds4: --prefill-metal-phases: activated phase 0/2 (layers 0..20)
processing 15 input tokens: 15/15 (100.0%)
ds4: Metal model views created in 0.032 ms, residency requested in 390.079 ms, warmup 1.492 ms (mapped 8.89 MiB from offset 5.08 MiB)
ds4: Metal model views created in 284.109 ms, residency requested in 20167.426 ms, warmup 30.442 ms (mapped 46400.80 MiB from offset 36301.95 MiB)
ds4: Metal residency requested in 0.057 ms, warmup 0.001 ms
ds4: Metal mapped mmaped model as 3 overlapping shared buffers
ds4: --cpu-moe: registered 2 non-routed Metal segments, excluded 1 routed-expert ranges (35.44 GiB) from the Metal residency set
ds4: --prefill-metal-phases: activated phase 1/2 (layers 21..42)
processing 15 input tokens: 15/15 (100.0%)
ds4: Metal model views created in 0.039 ms, residency requested in 419.423 ms, warmup 0.910 ms (mapped 8.89 MiB from offset 5.08 MiB)
ds4: Metal model views created in 44.461 ms, residency requested in 652.108 ms, warmup 0.884 ms (mapped 8384.80 MiB from offset 74317.95 MiB)
ds4: Metal residency requested in 0.027 ms, warmup 0.001 ms
ds4: Metal mapped mmaped model as 2 overlapping shared buffers
ds4: --cpu-moe: registered 2 non-routed Metal segments, excluded 1 routed-expert ranges (72.56 GiB) from the Metal residency set
ds4: --prefill-metal-phases: restored gen routing (all routed on CPU)
ds4: DS4_LAYER_DUP active: L34<-L36 L38<-L40
We need to answer: "The capital of France is" and then the user likely expects "Paris". The query is
ds4: prefill: 0.35 t/s, generation: 1.60 t/s

