=== run 1: baseline (no DS4_HOT_FP16_KERNEL) ===
ds4: --prefill-metal-phases auto: resolved N=2 (total=72.56 GiB, cap=60.00 GiB, headroom=14.00 GiB, per-phase budget=46.00 GiB)
ds4: cpu-moe: layers 0..42 run their routed MoE on the CPU (first 43 of 43)
ds4: Metal device Apple M1 Max, 64.00 GiB RAM
ds4: Metal 4 tensor API disabled for pre-M5/pre-A19 devices
ds4: drift-patch flags hc_stable=on norm_unify=on kv_raw_f32=off rope_exp2_log2=off math_safe=off tensor_matmul=off
ds4: Metal expert inverse table uploaded (44032 bytes, 43*256 int32)
ds4: Metal model views created in 0.016 ms, residency requested in 3.402 ms, warmup 1.366 ms (mapped 8.89 MiB from offset 5.08 MiB)
ds4: Metal model views created in 0.298 ms, residency requested in 3045.397 ms, warmup 1.057 ms (mapped 8384.80 MiB from offset 74317.95 MiB)
ds4: Metal residency requested in 0.028 ms, warmup 0.397 ms
ds4: Metal mapped mmaped model as 2 overlapping shared buffers
ds4: --cpu-moe: registered 2 non-routed Metal segments, excluded 1 routed-expert ranges (72.56 GiB) from the Metal residency set
ds4: metal backend initialized for graph diagnostics
ds4: context buffers 579.64 MiB (ctx=32768, backend=metal, prefill_chunk=2048, raw_kv_rows=2304, compressed_kv_rows=8194)
processing 21 input tokens: 0/21 (0.0%)
ds4: Metal model views created in 0.988 ms, residency requested in 13741.803 ms, warmup 3.279 ms (mapped 36296.89 MiB from offset 5.08 MiB)
ds4: Metal model views created in 0.393 ms, residency requested in 242.143 ms, warmup 1.633 ms (mapped 8384.80 MiB from offset 74317.95 MiB)
ds4: Metal residency requested in 0.029 ms, warmup 0.001 ms
ds4: Metal mapped mmaped model as 2 overlapping shared buffers
ds4: --cpu-moe: registered 2 non-routed Metal segments, excluded 1 routed-expert ranges (37.12 GiB) from the Metal residency set
ds4: --prefill-metal-phases: activated phase 0/2 (layers 0..20)
processing 21 input tokens: 21/21 (100.0%)
ds4: Metal model views created in 0.042 ms, residency requested in 193.052 ms, warmup 1.422 ms (mapped 8.89 MiB from offset 5.08 MiB)
ds4: Metal model views created in 126.973 ms, residency requested in 20809.885 ms, warmup 35.594 ms (mapped 46400.80 MiB from offset 36301.95 MiB)
ds4: Metal residency requested in 0.079 ms, warmup 0.000 ms
ds4: Metal mapped mmaped model as 3 overlapping shared buffers
ds4: --cpu-moe: registered 2 non-routed Metal segments, excluded 1 routed-expert ranges (35.44 GiB) from the Metal residency set
ds4: --prefill-metal-phases: activated phase 1/2 (layers 21..42)
processing 21 input tokens: 21/21 (100.0%)
ds4: Metal model views created in 0.041 ms, residency requested in 225.706 ms, warmup 2.859 ms (mapped 8.89 MiB from offset 5.08 MiB)
ds4: Metal model views created in 44.282 ms, residency requested in 310.524 ms, warmup 1.389 ms (mapped 8384.80 MiB from offset 74317.95 MiB)
ds4: Metal residency requested in 0.025 ms, warmup 0.001 ms
ds4: Metal mapped mmaped model as 2 overlapping shared buffers
ds4: --cpu-moe: registered 2 non-routed Metal segments, excluded 1 routed-expert ranges (72.56 GiB) from the Metal residency set
ds4: --prefill-metal-phases: restored gen routing (all routed on CPU)
We need to explain in two sentences why mathematical proof matters in computer science. The
ds4: prefill: 0.57 t/s, generation: 1.55 t/s
