ds4: --prefill-metal-phases auto: resolved N=2 (total=72.56 GiB, cap=60.00 GiB, headroom=14.00 GiB, per-phase budget=46.00 GiB)
ds4: cpu-moe: layers 0..42 run their routed MoE on the CPU (first 43 of 43)
ds4: Metal device Apple M1 Max, 64.00 GiB RAM
ds4: Metal 4 tensor API disabled for pre-M5/pre-A19 devices
ds4: drift-patch flags hc_stable=on norm_unify=on kv_raw_f32=off rope_exp2_log2=off math_safe=off tensor_matmul=off
ds4: Metal expert inverse table uploaded (44032 bytes, 43*256 int32)
ds4: Metal model views created in 0.018 ms, residency requested in 0.445 ms, warmup 1.023 ms (mapped 8.89 MiB from offset 5.08 MiB)
ds4: Metal model views created in 0.466 ms, residency requested in 417.550 ms, warmup 1.073 ms (mapped 8384.80 MiB from offset 74317.95 MiB)
ds4: Metal residency requested in 0.036 ms, warmup 0.353 ms
ds4: Metal mapped mmaped model as 2 overlapping shared buffers
ds4: --cpu-moe: registered 2 non-routed Metal segments, excluded 1 routed-expert ranges (72.56 GiB) from the Metal residency set
ds4: metal backend initialized for graph diagnostics
ds4: DS4_HOT_PIN_LAYERS=34 → pinning 1 layers, budget=16.1 GB
ds4_hot_pin_layer L34: pinning 256 experts × 3 tiles = 12.88 GB
  L34: pinned 1/256 (0.02s)
  L34: pinned 2/256 (0.04s)
  L34: pinned 3/256 (0.07s)
  L34: pinned 4/256 (0.09s)
  L34: pinned 8/256 (0.17s)
  L34: pinned 16/256 (0.34s)
  L34: pinned 24/256 (0.51s)
  L34: pinned 32/256 (0.68s)
  L34: pinned 40/256 (0.85s)
  L34: pinned 48/256 (1.03s)
  L34: pinned 56/256 (1.20s)
  L34: pinned 64/256 (1.38s)
  L34: pinned 72/256 (1.55s)
  L34: pinned 80/256 (1.72s)
  L34: pinned 88/256 (2.03s)
  L34: pinned 96/256 (2.40s)
  L34: pinned 104/256 (2.57s)
  L34: pinned 112/256 (3.11s)
  L34: pinned 120/256 (3.33s)
  L34: pinned 128/256 (3.62s)
  L34: pinned 136/256 (3.85s)
  L34: pinned 144/256 (4.06s)
  L34: pinned 152/256 (4.27s)
  L34: pinned 160/256 (4.45s)
  L34: pinned 168/256 (4.62s)
  L34: pinned 176/256 (4.80s)
  L34: pinned 184/256 (5.00s)
  L34: pinned 192/256 (5.20s)
  L34: pinned 200/256 (5.43s)
  L34: pinned 208/256 (5.63s)
  L34: pinned 216/256 (5.80s)
  L34: pinned 224/256 (5.98s)
  L34: pinned 232/256 (6.17s)
  L34: pinned 240/256 (6.35s)
  L34: pinned 248/256 (6.53s)
  L34: pinned 256/256 (6.72s)
  L34: 256 experts pinned in 6.72s (38.10 experts/s)
ds4: hot-store: 1 layers pinned, 12.88 GB heap
ds4_hot_store_set_active: 256 tiles, heap 12884.9 MB ready for dispatch
ds4_vqb2_fp16_init: 3 pipelines + queue + 3×8192B scratch + 2×16384B I/O
bind_store: 12884.9 MB FP16 heap bound
ds4: context buffers 579.64 MiB (ctx=32768, backend=metal, prefill_chunk=2048, raw_kv_rows=2304, compressed_kv_rows=8194)
processing 10 input tokens: 0/10 (0.0%)
ds4: Metal model views created in 1.883 ms, residency requested in 16169.737 ms, warmup 3.083 ms (mapped 36296.89 MiB from offset 5.08 MiB)
ds4: Metal model views created in 0.488 ms, residency requested in 5985.249 ms, warmup 3.693 ms (mapped 8384.80 MiB from offset 74317.95 MiB)
ds4: Metal residency requested in 0.051 ms, warmup -0.000 ms
ds4: Metal mapped mmaped model as 2 overlapping shared buffers
ds4: --cpu-moe: registered 2 non-routed Metal segments, excluded 1 routed-expert ranges (37.12 GiB) from the Metal residency set
ds4: --prefill-metal-phases: activated phase 0/2 (layers 0..20)
processing 10 input tokens: 10/10 (100.0%)
ds4: Metal model views created in 0.027 ms, residency requested in 388.561 ms, warmup 2.573 ms (mapped 8.89 MiB from offset 5.08 MiB)
ds4: Metal model views created in 307.609 ms, residency requested in 17032.327 ms, warmup 29.845 ms (mapped 46400.80 MiB from offset 36301.95 MiB)
ds4: Metal residency requested in 0.080 ms, warmup 0.001 ms
ds4: Metal mapped mmaped model as 3 overlapping shared buffers
ds4: --cpu-moe: registered 2 non-routed Metal segments, excluded 1 routed-expert ranges (35.44 GiB) from the Metal residency set
ds4: --prefill-metal-phases: activated phase 1/2 (layers 21..42)
processing 10 input tokens: 10/10 (100.0%)
ds4: Metal model views created in 0.051 ms, residency requested in 399.664 ms, warmup 0.450 ms (mapped 8.89 MiB from offset 5.08 MiB)
ds4: Metal model views created in 1.693 ms, residency requested in 589.381 ms, warmup 0.376 ms (mapped 8384.80 MiB from offset 74317.95 MiB)
ds4: Metal residency requested in 0.029 ms, warmup 0.000 ms
ds4: Metal mapped mmaped model as 2 overlapping shared buffers
ds4: --cpu-moe: registered 2 non-routed Metal segments, excluded 1 routed-expert ranges (72.56 GiB) from the Metal residency set
ds4: --prefill-metal-phases: restored gen routing (all routed on CPU)
ds4: prefill: 0.24 t/s, generation: 0.94 t/s
