loading...
prompt: 191 tokens
fast-forwarding to pos 12000...
  pos=0 t=0.0s
  pos=2000 t=30.3s
  pos=4000 t=63.7s
  pos=6000 t=97.2s
  pos=8000 t=131.9s
  pos=10000 t=167.0s
reached pos 12000 in 201.9s
capturing 200 consecutive tokens from pos 12000...

Cycle-length hypothesis test:
  L= 13: 0/187 = 0.0%
  L= 20: 0/180 = 0.0%
  L= 25: 24/175 = 13.7%
  L= 30: 11/170 = 6.5%
  L= 31: 169/169 = 100.0%  <<< MATCH
  L= 32: 11/168 = 6.5%
  L= 35: 5/165 = 3.0%
  L= 40: 30/160 = 18.8%
  L= 43: 0/157 = 0.0%
  L= 50: 0/150 = 0.0%
  L= 62: 138/138 = 100.0%  <<< MATCH
  L= 93: 107/107 = 100.0%  <<< MATCH

First 100 captured tokens decoded:
' 277.\nThe reasoning is complete.\nThe answer is 277.\nI will write the solution.\nThe solution is 277.\nThe reasoning is complete.\nThe answer is 277.\nI will write the solution.\nThe solution is 277.\nThe reasoning is complete.\nThe answer is 277.\nI will write the solution.\nThe solution is 277.\nThe'

saved cycle_period_result.json
